mode: set
github.com/nmarsollier/cartgo/cart/dao.go:16.67,17.24 1 1
github.com/nmarsollier/cartgo/cart/dao.go:17.24,18.45 1 1
github.com/nmarsollier/cartgo/cart/dao.go:18.45,20.4 1 1
github.com/nmarsollier/cartgo/cart/dao.go:23.2,23.23 1 0
github.com/nmarsollier/cartgo/cart/dao.go:23.23,25.3 1 0
github.com/nmarsollier/cartgo/cart/dao.go:27.2,28.16 2 0
github.com/nmarsollier/cartgo/cart/dao.go:28.16,31.3 2 0
github.com/nmarsollier/cartgo/cart/dao.go:33.2,36.24 3 0
github.com/nmarsollier/cartgo/cart/dao.go:39.35,48.2 1 1
github.com/nmarsollier/cartgo/cart/dao.go:56.69,58.16 2 1
github.com/nmarsollier/cartgo/cart/dao.go:58.16,61.3 2 0
github.com/nmarsollier/cartgo/cart/dao.go:63.2,69.78 3 1
github.com/nmarsollier/cartgo/cart/dao.go:69.78,71.3 1 1
github.com/nmarsollier/cartgo/cart/dao.go:73.2,73.18 1 1
github.com/nmarsollier/cartgo/cart/dao.go:77.65,79.16 2 1
github.com/nmarsollier/cartgo/cart/dao.go:79.16,82.3 2 0
github.com/nmarsollier/cartgo/cart/dao.go:84.2,85.16 2 1
github.com/nmarsollier/cartgo/cart/dao.go:85.16,88.3 2 0
github.com/nmarsollier/cartgo/cart/dao.go:90.2,93.78 3 1
github.com/nmarsollier/cartgo/cart/dao.go:93.78,96.3 2 0
github.com/nmarsollier/cartgo/cart/dao.go:98.2,98.18 1 1
github.com/nmarsollier/cartgo/cart/dao.go:101.60,102.46 1 1
github.com/nmarsollier/cartgo/cart/dao.go:102.46,105.3 2 0
github.com/nmarsollier/cartgo/cart/dao.go:107.2,108.16 2 1
github.com/nmarsollier/cartgo/cart/dao.go:108.16,111.3 2 0
github.com/nmarsollier/cartgo/cart/dao.go:113.2,113.76 1 1
github.com/nmarsollier/cartgo/cart/dao.go:113.76,116.3 2 1
github.com/nmarsollier/cartgo/cart/dao.go:118.2,118.18 1 1
github.com/nmarsollier/cartgo/cart/dao.go:121.61,122.46 1 1
github.com/nmarsollier/cartgo/cart/dao.go:122.46,125.3 2 0
github.com/nmarsollier/cartgo/cart/dao.go:127.2,128.16 2 1
github.com/nmarsollier/cartgo/cart/dao.go:128.16,131.3 2 0
github.com/nmarsollier/cartgo/cart/dao.go:133.2,134.16 2 1
github.com/nmarsollier/cartgo/cart/dao.go:134.16,137.3 2 1
github.com/nmarsollier/cartgo/cart/dao.go:139.2,139.18 1 1
github.com/nmarsollier/cartgo/cart/dao.go:142.64,143.46 1 1
github.com/nmarsollier/cartgo/cart/dao.go:143.46,146.3 2 0
github.com/nmarsollier/cartgo/cart/dao.go:148.2,149.16 2 1
github.com/nmarsollier/cartgo/cart/dao.go:149.16,152.3 2 0
github.com/nmarsollier/cartgo/cart/dao.go:154.2,163.18 3 1
github.com/nmarsollier/cartgo/cart/schema.go:22.39,24.2 1 1
github.com/nmarsollier/cartgo/cart/service.go:3.68,5.16 2 1
github.com/nmarsollier/cartgo/cart/service.go:5.16,6.53 1 1
github.com/nmarsollier/cartgo/cart/service.go:6.53,9.4 1 1
github.com/nmarsollier/cartgo/cart/service.go:11.3,13.17 3 1
github.com/nmarsollier/cartgo/cart/service.go:13.17,15.4 1 1
github.com/nmarsollier/cartgo/cart/service.go:18.2,18.18 1 1
github.com/nmarsollier/cartgo/cart/service.go:26.95,28.16 2 1
github.com/nmarsollier/cartgo/cart/service.go:28.16,30.3 1 1
github.com/nmarsollier/cartgo/cart/service.go:32.2,40.34 3 1
github.com/nmarsollier/cartgo/cart/service.go:40.34,41.39 1 1
github.com/nmarsollier/cartgo/cart/service.go:41.39,44.4 2 1
github.com/nmarsollier/cartgo/cart/service.go:48.2,48.12 1 1
github.com/nmarsollier/cartgo/cart/service.go:48.12,50.3 1 1
github.com/nmarsollier/cartgo/cart/service.go:52.2,53.34 2 1
github.com/nmarsollier/cartgo/cart/service.go:53.34,54.21 1 1
github.com/nmarsollier/cartgo/cart/service.go:54.21,56.4 1 1
github.com/nmarsollier/cartgo/cart/service.go:58.2,61.16 3 1
github.com/nmarsollier/cartgo/cart/service.go:61.16,63.3 1 1
github.com/nmarsollier/cartgo/cart/service.go:65.2,65.18 1 1
github.com/nmarsollier/cartgo/cart/service.go:68.88,70.16 2 1
github.com/nmarsollier/cartgo/cart/service.go:70.16,72.3 1 1
github.com/nmarsollier/cartgo/cart/service.go:74.2,75.34 2 1
github.com/nmarsollier/cartgo/cart/service.go:75.34,76.31 1 1
github.com/nmarsollier/cartgo/cart/service.go:76.31,78.4 1 1
github.com/nmarsollier/cartgo/cart/service.go:80.2,83.16 3 1
github.com/nmarsollier/cartgo/cart/service.go:83.16,85.3 1 1
github.com/nmarsollier/cartgo/cart/service.go:87.2,87.18 1 1
github.com/nmarsollier/cartgo/cart/service.go:90.75,92.16 2 1
github.com/nmarsollier/cartgo/cart/service.go:92.16,94.3 1 0
github.com/nmarsollier/cartgo/cart/service.go:96.2,96.18 1 1
github.com/nmarsollier/cartgo/cart/service.go:105.74,107.16 2 1
github.com/nmarsollier/cartgo/cart/service.go:107.16,109.3 1 0
github.com/nmarsollier/cartgo/cart/service.go:111.2,111.34 1 1
github.com/nmarsollier/cartgo/cart/service.go:111.34,112.36 1 1
github.com/nmarsollier/cartgo/cart/service.go:112.36,115.4 2 0
github.com/nmarsollier/cartgo/cart/service.go:118.2,119.16 2 1
github.com/nmarsollier/cartgo/cart/service.go:119.16,121.3 1 0
github.com/nmarsollier/cartgo/cart/service.go:123.2,123.12 1 1
github.com/nmarsollier/cartgo/cart/service.go:132.75,134.16 2 1
github.com/nmarsollier/cartgo/cart/service.go:134.16,136.3 1 0
github.com/nmarsollier/cartgo/cart/service.go:138.2,140.16 3 1
github.com/nmarsollier/cartgo/cart/service.go:140.16,142.3 1 0
github.com/nmarsollier/cartgo/cart/service.go:144.2,144.12 1 1
github.com/nmarsollier/cartgo/docs/docs.go:863.13,865.2 1 1
github.com/nmarsollier/cartgo/rabbit/r_consume/consume_cart.go:12.28,14.16 2 0
github.com/nmarsollier/cartgo/rabbit/r_consume/consume_cart.go:14.16,17.3 2 0
github.com/nmarsollier/cartgo/rabbit/r_consume/consume_cart.go:18.2,21.16 3 0
github.com/nmarsollier/cartgo/rabbit/r_consume/consume_cart.go:21.16,24.3 2 0
github.com/nmarsollier/cartgo/rabbit/r_consume/consume_cart.go:25.2,36.16 3 0
github.com/nmarsollier/cartgo/rabbit/r_consume/consume_cart.go:36.16,39.3 2 0
github.com/nmarsollier/cartgo/rabbit/r_consume/consume_cart.go:41.2,49.16 2 0
github.com/nmarsollier/cartgo/rabbit/r_consume/consume_cart.go:49.16,52.3 2 0
github.com/nmarsollier/cartgo/rabbit/r_consume/consume_cart.go:54.2,60.16 2 0
github.com/nmarsollier/cartgo/rabbit/r_consume/consume_cart.go:60.16,63.3 2 0
github.com/nmarsollier/cartgo/rabbit/r_consume/consume_cart.go:65.2,74.16 2 0
github.com/nmarsollier/cartgo/rabbit/r_consume/consume_cart.go:74.16,77.3 2 0
github.com/nmarsollier/cartgo/rabbit/r_consume/consume_cart.go:79.2,81.12 2 0
github.com/nmarsollier/cartgo/rabbit/r_consume/consume_cart.go:81.12,82.22 1 0
github.com/nmarsollier/cartgo/rabbit/r_consume/consume_cart.go:82.22,88.18 5 0
github.com/nmarsollier/cartgo/rabbit/r_consume/consume_cart.go:88.18,89.28 1 0
github.com/nmarsollier/cartgo/rabbit/r_consume/consume_cart.go:90.26,92.65 2 0
github.com/nmarsollier/cartgo/rabbit/r_consume/consume_cart.go:92.65,95.7 2 0
github.com/nmarsollier/cartgo/rabbit/r_consume/consume_cart.go:97.6,97.40 1 0
github.com/nmarsollier/cartgo/rabbit/r_consume/consume_cart.go:99.10,101.5 1 0
github.com/nmarsollier/cartgo/rabbit/r_consume/consume_cart.go:105.2,107.12 2 0
github.com/nmarsollier/cartgo/rabbit/r_consume/consume_cart.go:119.84,123.16 3 1
github.com/nmarsollier/cartgo/rabbit/r_consume/consume_cart.go:123.16,126.3 2 0
github.com/nmarsollier/cartgo/rabbit/r_consume/consume_cart.go:128.2,128.47 1 1
github.com/nmarsollier/cartgo/rabbit/r_consume/consume_logout.go:26.28,28.16 2 0
github.com/nmarsollier/cartgo/rabbit/r_consume/consume_logout.go:28.16,31.3 2 0
github.com/nmarsollier/cartgo/rabbit/r_consume/consume_logout.go:32.2,35.16 3 0
github.com/nmarsollier/cartgo/rabbit/r_consume/consume_logout.go:35.16,38.3 2 0
github.com/nmarsollier/cartgo/rabbit/r_consume/consume_logout.go:39.2,50.16 3 0
github.com/nmarsollier/cartgo/rabbit/r_consume/consume_logout.go:50.16,53.3 2 0
github.com/nmarsollier/cartgo/rabbit/r_consume/consume_logout.go:55.2,63.16 2 0
github.com/nmarsollier/cartgo/rabbit/r_consume/consume_logout.go:63.16,66.3 2 0
github.com/nmarsollier/cartgo/rabbit/r_consume/consume_logout.go:68.2,74.16 2 0
github.com/nmarsollier/cartgo/rabbit/r_consume/consume_logout.go:74.16,77.3 2 0
github.com/nmarsollier/cartgo/rabbit/r_consume/consume_logout.go:79.2,88.16 2 0
github.com/nmarsollier/cartgo/rabbit/r_consume/consume_logout.go:88.16,91.3 2 0
github.com/nmarsollier/cartgo/rabbit/r_consume/consume_logout.go:93.2,95.12 2 0
github.com/nmarsollier/cartgo/rabbit/r_consume/consume_logout.go:95.12,96.22 1 0
github.com/nmarsollier/cartgo/rabbit/r_consume/consume_logout.go:96.22,102.18 5 0
github.com/nmarsollier/cartgo/rabbit/r_consume/consume_logout.go:102.18,103.36 1 0
github.com/nmarsollier/cartgo/rabbit/r_consume/consume_logout.go:103.36,105.6 1 0
github.com/nmarsollier/cartgo/rabbit/r_consume/consume_logout.go:106.10,108.5 1 0
github.com/nmarsollier/cartgo/rabbit/r_consume/consume_logout.go:112.2,114.12 2 0
github.com/nmarsollier/cartgo/rabbit/r_consume/consume_order_placed.go:13.33,15.16 2 0
github.com/nmarsollier/cartgo/rabbit/r_consume/consume_order_placed.go:15.16,18.3 2 0
github.com/nmarsollier/cartgo/rabbit/r_consume/consume_order_placed.go:19.2,22.16 3 0
github.com/nmarsollier/cartgo/rabbit/r_consume/consume_order_placed.go:22.16,25.3 2 0
github.com/nmarsollier/cartgo/rabbit/r_consume/consume_order_placed.go:26.2,37.16 3 0
github.com/nmarsollier/cartgo/rabbit/r_consume/consume_order_placed.go:37.16,40.3 2 0
github.com/nmarsollier/cartgo/rabbit/r_consume/consume_order_placed.go:42.2,50.16 2 0
github.com/nmarsollier/cartgo/rabbit/r_consume/consume_order_placed.go:50.16,53.3 2 0
github.com/nmarsollier/cartgo/rabbit/r_consume/consume_order_placed.go:55.2,61.16 2 0
github.com/nmarsollier/cartgo/rabbit/r_consume/consume_order_placed.go:61.16,64.3 2 0
github.com/nmarsollier/cartgo/rabbit/r_consume/consume_order_placed.go:66.2,75.16 2 0
github.com/nmarsollier/cartgo/rabbit/r_consume/consume_order_placed.go:75.16,78.3 2 0
github.com/nmarsollier/cartgo/rabbit/r_consume/consume_order_placed.go:80.2,82.12 2 0
github.com/nmarsollier/cartgo/rabbit/r_consume/consume_order_placed.go:82.12,83.22 1 0
github.com/nmarsollier/cartgo/rabbit/r_consume/consume_order_placed.go:83.22,89.18 5 0
github.com/nmarsollier/cartgo/rabbit/r_consume/consume_order_placed.go:89.18,90.28 1 0
github.com/nmarsollier/cartgo/rabbit/r_consume/consume_order_placed.go:91.25,93.65 2 0
github.com/nmarsollier/cartgo/rabbit/r_consume/consume_order_placed.go:93.65,96.7 2 0
github.com/nmarsollier/cartgo/rabbit/r_consume/consume_order_placed.go:98.6,98.40 1 0
github.com/nmarsollier/cartgo/rabbit/r_consume/consume_order_placed.go:100.10,102.5 1 0
github.com/nmarsollier/cartgo/rabbit/r_consume/consume_order_placed.go:106.2,108.12 2 0
github.com/nmarsollier/cartgo/rabbit/r_consume/consume_order_placed.go:120.84,124.16 3 1
github.com/nmarsollier/cartgo/rabbit/r_consume/consume_order_placed.go:124.16,127.3 2 0
github.com/nmarsollier/cartgo/rabbit/r_consume/consume_order_placed.go:129.2,129.54 1 1
github.com/nmarsollier/cartgo/rabbit/r_consume/listeners.go:9.13,10.12 1 0
github.com/nmarsollier/cartgo/rabbit/r_consume/listeners.go:10.12,11.7 1 0
github.com/nmarsollier/cartgo/rabbit/r_consume/listeners.go:11.7,13.18 2 0
github.com/nmarsollier/cartgo/rabbit/r_consume/listeners.go:13.18,15.5 1 0
github.com/nmarsollier/cartgo/rabbit/r_consume/listeners.go:16.4,17.31 2 0
github.com/nmarsollier/cartgo/rabbit/r_consume/listeners.go:21.2,21.12 1 0
github.com/nmarsollier/cartgo/rabbit/r_consume/listeners.go:21.12,22.7 1 0
github.com/nmarsollier/cartgo/rabbit/r_consume/listeners.go:22.7,24.18 2 0
github.com/nmarsollier/cartgo/rabbit/r_consume/listeners.go:24.18,26.5 1 0
github.com/nmarsollier/cartgo/rabbit/r_consume/listeners.go:27.4,28.31 2 0
github.com/nmarsollier/cartgo/rabbit/r_consume/listeners.go:32.2,32.12 1 0
github.com/nmarsollier/cartgo/rabbit/r_consume/listeners.go:32.12,33.7 1 0
github.com/nmarsollier/cartgo/rabbit/r_consume/listeners.go:33.7,35.18 2 0
github.com/nmarsollier/cartgo/rabbit/r_consume/listeners.go:35.18,37.5 1 0
github.com/nmarsollier/cartgo/rabbit/r_consume/listeners.go:38.4,39.31 2 0
github.com/nmarsollier/cartgo/rabbit/r_emit/common.go:14.60,15.24 1 1
github.com/nmarsollier/cartgo/rabbit/r_emit/common.go:15.24,16.38 1 1
github.com/nmarsollier/cartgo/rabbit/r_emit/common.go:16.38,18.4 1 1
github.com/nmarsollier/cartgo/rabbit/r_emit/common.go:21.2,22.16 2 1
github.com/nmarsollier/cartgo/rabbit/r_emit/common.go:22.16,25.3 2 1
github.com/nmarsollier/cartgo/rabbit/r_emit/common.go:27.2,28.16 2 0
github.com/nmarsollier/cartgo/rabbit/r_emit/common.go:28.16,31.3 2 0
github.com/nmarsollier/cartgo/rabbit/r_emit/common.go:33.2,33.40 1 0
github.com/nmarsollier/cartgo/rabbit/r_emit/rabbit_channel.go:17.9,27.2 1 0
github.com/nmarsollier/cartgo/rabbit/r_emit/rabbit_channel.go:32.9,41.2 1 0
github.com/nmarsollier/cartgo/rabbit/r_emit/rabbit_channel_mocks.go:25.71,29.2 3 1
github.com/nmarsollier/cartgo/rabbit/r_emit/rabbit_channel_mocks.go:32.69,34.2 1 1
github.com/nmarsollier/cartgo/rabbit/r_emit/rabbit_channel_mocks.go:37.72,42.2 4 1
github.com/nmarsollier/cartgo/rabbit/r_emit/rabbit_channel_mocks.go:45.97,48.2 2 1
github.com/nmarsollier/cartgo/rabbit/r_emit/rabbit_channel_mocks.go:51.85,56.2 4 1
github.com/nmarsollier/cartgo/rabbit/r_emit/rabbit_channel_mocks.go:59.103,62.2 2 1
github.com/nmarsollier/cartgo/rabbit/r_emit/send_article_validation.go:18.82,28.16 3 1
github.com/nmarsollier/cartgo/rabbit/r_emit/send_article_validation.go:28.16,32.3 3 1
github.com/nmarsollier/cartgo/rabbit/r_emit/send_article_validation.go:34.2,38.16 2 0
github.com/nmarsollier/cartgo/rabbit/r_emit/send_article_validation.go:38.16,42.3 3 0
github.com/nmarsollier/cartgo/rabbit/r_emit/send_article_validation.go:44.2,45.16 2 0
github.com/nmarsollier/cartgo/rabbit/r_emit/send_article_validation.go:45.16,48.3 2 0
github.com/nmarsollier/cartgo/rabbit/r_emit/send_article_validation.go:50.2,55.16 2 0
github.com/nmarsollier/cartgo/rabbit/r_emit/send_article_validation.go:55.16,59.3 3 0
github.com/nmarsollier/cartgo/rabbit/r_emit/send_article_validation.go:61.2,63.12 2 0
github.com/nmarsollier/cartgo/rabbit/r_emit/send_place_order.go:19.64,21.34 2 1
github.com/nmarsollier/cartgo/rabbit/r_emit/send_place_order.go:21.34,26.3 1 1
github.com/nmarsollier/cartgo/rabbit/r_emit/send_place_order.go:28.2,42.16 4 1
github.com/nmarsollier/cartgo/rabbit/r_emit/send_place_order.go:42.16,46.3 3 0
github.com/nmarsollier/cartgo/rabbit/r_emit/send_place_order.go:48.2,52.16 2 1
github.com/nmarsollier/cartgo/rabbit/r_emit/send_place_order.go:52.16,56.3 3 0
github.com/nmarsollier/cartgo/rabbit/r_emit/send_place_order.go:58.2,59.16 2 1
github.com/nmarsollier/cartgo/rabbit/r_emit/send_place_order.go:59.16,62.3 2 0
github.com/nmarsollier/cartgo/rabbit/r_emit/send_place_order.go:64.2,69.16 2 1
github.com/nmarsollier/cartgo/rabbit/r_emit/send_place_order.go:69.16,73.3 3 0
github.com/nmarsollier/cartgo/rabbit/r_emit/send_place_order.go:75.2,76.12 2 1
github.com/nmarsollier/cartgo/rest/delete_cart_article_id.go:25.23,31.2 1 1
github.com/nmarsollier/cartgo/rest/delete_cart_article_id.go:33.36,39.16 5 1
github.com/nmarsollier/cartgo/rest/delete_cart_article_id.go:39.16,42.3 2 1
github.com/nmarsollier/cartgo/rest/delete_cart_article_id.go:44.2,44.17 1 1
github.com/nmarsollier/cartgo/rest/engine/auth_validator.go:24.45,25.41 1 1
github.com/nmarsollier/cartgo/rest/engine/auth_validator.go:25.41,29.3 3 1
github.com/nmarsollier/cartgo/rest/engine/auth_validator.go:33.50,35.48 2 1
github.com/nmarsollier/cartgo/rest/engine/auth_validator.go:35.48,37.3 1 0
github.com/nmarsollier/cartgo/rest/engine/auth_validator.go:38.2,38.29 1 1
github.com/nmarsollier/cartgo/rest/engine/auth_validator.go:41.42,43.16 2 1
github.com/nmarsollier/cartgo/rest/engine/auth_validator.go:43.16,46.3 2 0
github.com/nmarsollier/cartgo/rest/engine/auth_validator.go:48.2,50.16 3 1
github.com/nmarsollier/cartgo/rest/engine/auth_validator.go:50.16,53.3 2 1
github.com/nmarsollier/cartgo/rest/engine/auth_validator.go:55.2,58.12 3 1
github.com/nmarsollier/cartgo/rest/engine/engine.go:16.27,17.19 1 1
github.com/nmarsollier/cartgo/rest/engine/engine.go:17.19,36.3 5 1
github.com/nmarsollier/cartgo/rest/engine/engine.go:38.2,38.15 1 1
github.com/nmarsollier/cartgo/rest/engine/error_handler.go:12.35,16.2 2 1
github.com/nmarsollier/cartgo/rest/engine/error_handler.go:18.48,21.2 2 1
github.com/nmarsollier/cartgo/rest/engine/error_handler.go:23.42,25.20 2 1
github.com/nmarsollier/cartgo/rest/engine/error_handler.go:25.20,27.3 1 1
github.com/nmarsollier/cartgo/rest/engine/error_handler.go:29.2,30.16 2 1
github.com/nmarsollier/cartgo/rest/engine/error_handler.go:30.16,32.3 1 0
github.com/nmarsollier/cartgo/rest/engine/error_handler.go:34.2,34.21 1 1
github.com/nmarsollier/cartgo/rest/engine/error_handler.go:38.51,40.29 1 1
github.com/nmarsollier/cartgo/rest/engine/error_handler.go:41.24,43.25 1 1
github.com/nmarsollier/cartgo/rest/engine/error_handler.go:44.25,46.19 1 1
github.com/nmarsollier/cartgo/rest/engine/error_handler.go:47.34,49.34 1 0
github.com/nmarsollier/cartgo/rest/engine/error_handler.go:50.13,54.5 1 0
github.com/nmarsollier/cartgo/rest/engine/error_handler.go:55.10,57.35 1 0
github.com/nmarsollier/cartgo/rest/engine/error_handler.go:76.89,79.37 2 0
github.com/nmarsollier/cartgo/rest/engine/error_handler.go:79.37,81.3 1 0
github.com/nmarsollier/cartgo/rest/engine/error_handler.go:83.2,83.18 1 0
github.com/nmarsollier/cartgo/rest/engine/error_handler.go:96.57,98.2 1 1
github.com/nmarsollier/cartgo/rest/engine/test_utils.go:9.49,12.18 3 1
github.com/nmarsollier/cartgo/rest/engine/test_utils.go:12.18,13.35 1 1
github.com/nmarsollier/cartgo/rest/engine/test_utils.go:13.35,16.4 2 1
github.com/nmarsollier/cartgo/rest/engine/test_utils.go:18.2,18.15 1 1
github.com/nmarsollier/cartgo/rest/engine/test_utils.go:23.44,25.40 2 1
github.com/nmarsollier/cartgo/rest/engine/test_utils.go:25.40,27.3 1 1
github.com/nmarsollier/cartgo/rest/engine/test_utils.go:28.2,28.12 1 1
github.com/nmarsollier/cartgo/rest/get_cart.go:24.20,30.2 1 1
github.com/nmarsollier/cartgo/rest/get_cart.go:32.34,38.16 4 1
github.com/nmarsollier/cartgo/rest/get_cart.go:38.16,41.3 2 1
github.com/nmarsollier/cartgo/rest/get_cart.go:43.2,43.19 1 1
github.com/nmarsollier/cartgo/rest/get_cart_validate.go:25.28,31.2 1 1
github.com/nmarsollier/cartgo/rest/get_cart_validate.go:33.31,39.16 5 1
github.com/nmarsollier/cartgo/rest/get_cart_validate.go:39.16,42.3 2 1
github.com/nmarsollier/cartgo/rest/get_cart_validate.go:44.2,45.16 2 1
github.com/nmarsollier/cartgo/rest/get_cart_validate.go:45.16,48.3 2 1
github.com/nmarsollier/cartgo/rest/get_cart_validate.go:50.2,50.17 1 1
github.com/nmarsollier/cartgo/rest/post_cart_article.go:27.28,33.2 1 1
github.com/nmarsollier/cartgo/rest/post_cart_article.go:35.33,38.48 3 1
github.com/nmarsollier/cartgo/rest/post_cart_article.go:38.48,41.3 2 0
github.com/nmarsollier/cartgo/rest/post_cart_article.go:43.2,45.16 3 1
github.com/nmarsollier/cartgo/rest/post_cart_article.go:45.16,48.3 2 1
github.com/nmarsollier/cartgo/rest/post_cart_article.go:50.2,50.17 1 1
github.com/nmarsollier/cartgo/rest/post_cart_article_id_decrement.go:26.37,32.2 1 1
github.com/nmarsollier/cartgo/rest/post_cart_article_id_decrement.go:34.39,45.16 6 1
github.com/nmarsollier/cartgo/rest/post_cart_article_id_decrement.go:45.16,48.3 2 1
github.com/nmarsollier/cartgo/rest/post_cart_article_id_decrement.go:50.2,50.17 1 1
github.com/nmarsollier/cartgo/rest/post_cart_article_id_increment.go:26.37,32.2 1 1
github.com/nmarsollier/cartgo/rest/post_cart_article_id_increment.go:34.39,46.16 6 1
github.com/nmarsollier/cartgo/rest/post_cart_article_id_increment.go:46.16,49.3 2 1
github.com/nmarsollier/cartgo/rest/post_cart_article_id_increment.go:51.2,51.17 1 1
github.com/nmarsollier/cartgo/rest/post_cart_checkout.go:25.29,31.2 1 1
github.com/nmarsollier/cartgo/rest/post_cart_checkout.go:33.31,39.16 5 1
github.com/nmarsollier/cartgo/rest/post_cart_checkout.go:39.16,42.3 2 0
github.com/nmarsollier/cartgo/rest/post_cart_checkout.go:44.2,44.17 1 1
github.com/nmarsollier/cartgo/rest/router.go:11.14,14.2 2 0
github.com/nmarsollier/cartgo/rest/router.go:16.19,24.2 7 1
github.com/nmarsollier/cartgo/security/dao.go:17.42,18.24 1 1
github.com/nmarsollier/cartgo/security/dao.go:18.24,19.36 1 1
github.com/nmarsollier/cartgo/security/dao.go:19.36,21.4 1 1
github.com/nmarsollier/cartgo/security/dao.go:24.2,24.23 1 0
github.com/nmarsollier/cartgo/security/dao.go:30.67,32.2 1 0
github.com/nmarsollier/cartgo/security/dao.go:34.50,37.16 2 0
github.com/nmarsollier/cartgo/security/dao.go:37.16,40.3 2 0
github.com/nmarsollier/cartgo/security/dao.go:41.2,43.42 3 0
github.com/nmarsollier/cartgo/security/dao.go:43.42,46.3 2 0
github.com/nmarsollier/cartgo/security/dao.go:47.2,51.16 4 0
github.com/nmarsollier/cartgo/security/dao.go:51.16,54.3 2 0
github.com/nmarsollier/cartgo/security/dao.go:56.2,57.46 2 0
github.com/nmarsollier/cartgo/security/dao.go:57.46,60.3 2 0
github.com/nmarsollier/cartgo/security/dao.go:61.2,61.18 1 0
github.com/nmarsollier/cartgo/security/dao_mocks.go:25.67,29.2 3 1
github.com/nmarsollier/cartgo/security/dao_mocks.go:32.65,34.2 1 1
github.com/nmarsollier/cartgo/security/dao_mocks.go:37.71,43.2 5 1
github.com/nmarsollier/cartgo/security/dao_mocks.go:46.87,49.2 2 1
github.com/nmarsollier/cartgo/security/service.go:22.64,24.39 1 1
github.com/nmarsollier/cartgo/security/service.go:24.39,25.36 1 0
github.com/nmarsollier/cartgo/security/service.go:25.36,27.4 1 0
github.com/nmarsollier/cartgo/security/service.go:30.2,31.16 2 1
github.com/nmarsollier/cartgo/security/service.go:31.16,34.3 2 1
github.com/nmarsollier/cartgo/security/service.go:37.2,39.18 2 1
github.com/nmarsollier/cartgo/security/service.go:43.31,44.21 1 0
github.com/nmarsollier/cartgo/security/service.go:44.21,47.3 2 0
github.com/nmarsollier/cartgo/security/service.go:49.2,50.40 2 0
github.com/nmarsollier/cartgo/service/AddArticle.go:8.101,10.16 2 1
github.com/nmarsollier/cartgo/service/AddArticle.go:10.16,12.3 1 1
github.com/nmarsollier/cartgo/service/AddArticle.go:14.2,14.34 1 1
github.com/nmarsollier/cartgo/service/AddArticle.go:14.34,15.19 1 1
github.com/nmarsollier/cartgo/service/AddArticle.go:15.19,20.4 1 1
github.com/nmarsollier/cartgo/service/AddArticle.go:23.2,23.18 1 1
github.com/nmarsollier/cartgo/service/Checkout.go:13.84,15.16 2 1
github.com/nmarsollier/cartgo/service/Checkout.go:15.16,17.3 1 0
github.com/nmarsollier/cartgo/service/Checkout.go:19.2,20.16 2 1
github.com/nmarsollier/cartgo/service/Checkout.go:20.16,22.3 1 0
github.com/nmarsollier/cartgo/service/Checkout.go:24.2,25.16 2 1
github.com/nmarsollier/cartgo/service/Checkout.go:25.16,27.3 1 0
github.com/nmarsollier/cartgo/service/Checkout.go:29.2,31.25 2 1
github.com/nmarsollier/cartgo/service/Checkout.go:34.80,35.34 1 1
github.com/nmarsollier/cartgo/service/Checkout.go:35.34,37.17 2 1
github.com/nmarsollier/cartgo/service/Checkout.go:37.17,40.4 2 1
github.com/nmarsollier/cartgo/service/Checkout.go:43.2,43.12 1 1
github.com/nmarsollier/cartgo/service/Checkout.go:46.62,49.16 2 0
github.com/nmarsollier/cartgo/service/Checkout.go:49.16,52.3 2 0
github.com/nmarsollier/cartgo/service/Checkout.go:53.2,55.42 3 0
github.com/nmarsollier/cartgo/service/Checkout.go:55.42,58.3 2 0
github.com/nmarsollier/cartgo/service/Checkout.go:59.2,61.12 2 0
github.com/nmarsollier/cartgo/service/CurrentCart.go:8.76,10.16 2 1
github.com/nmarsollier/cartgo/service/CurrentCart.go:10.16,12.3 1 1
github.com/nmarsollier/cartgo/service/CurrentCart.go:14.2,14.34 1 1
github.com/nmarsollier/cartgo/service/CurrentCart.go:14.34,15.19 1 1
github.com/nmarsollier/cartgo/service/CurrentCart.go:15.19,20.4 1 1
github.com/nmarsollier/cartgo/service/CurrentCart.go:23.2,23.18 1 1
github.com/nmarsollier/cartgo/service/dao.go:9.41,10.24 1 1
github.com/nmarsollier/cartgo/service/dao.go:10.24,11.35 1 1
github.com/nmarsollier/cartgo/service/dao.go:11.35,13.4 1 1
github.com/nmarsollier/cartgo/service/dao.go:16.2,16.23 1 0
github.com/nmarsollier/cartgo/service/dao.go:22.79,24.2 1 0
github.com/nmarsollier/cartgo/service/dao_mocks.go:26.65,30.2 3 1
github.com/nmarsollier/cartgo/service/dao_mocks.go:33.63,35.2 1 1
github.com/nmarsollier/cartgo/service/dao_mocks.go:38.82,43.2 4 1
github.com/nmarsollier/cartgo/service/dao_mocks.go:46.93,49.2 2 1
github.com/nmarsollier/cartgo/tools/apperr/rest_error.go:19.57,24.2 1 1
github.com/nmarsollier/cartgo/tools/apperr/rest_error.go:40.36,42.2 1 1
github.com/nmarsollier/cartgo/tools/apperr/rest_error.go:45.34,47.2 1 1
github.com/nmarsollier/cartgo/tools/apperr/validation.go:17.33,21.2 1 1
github.com/nmarsollier/cartgo/tools/apperr/validation.go:27.40,29.16 2 1
github.com/nmarsollier/cartgo/tools/apperr/validation.go:29.16,32.3 2 0
github.com/nmarsollier/cartgo/tools/apperr/validation.go:33.2,33.21 1 1
github.com/nmarsollier/cartgo/tools/apperr/validation.go:37.69,44.2 3 1
github.com/nmarsollier/cartgo/tools/apperr/validation.go:47.36,49.2 1 0
github.com/nmarsollier/cartgo/tools/db/connection.go:16.37,17.21 1 0
github.com/nmarsollier/cartgo/tools/db/connection.go:17.21,21.17 3 0
github.com/nmarsollier/cartgo/tools/db/connection.go:21.17,24.4 2 0
github.com/nmarsollier/cartgo/tools/db/connection.go:26.3,26.40 1 0
github.com/nmarsollier/cartgo/tools/db/connection.go:28.2,28.22 1 0
github.com/nmarsollier/cartgo/tools/db/connection.go:32.34,33.47 1 0
github.com/nmarsollier/cartgo/tools/db/connection.go:33.47,35.3 1 0
github.com/nmarsollier/cartgo/tools/db/connection.go:39.39,40.48 1 0
github.com/nmarsollier/cartgo/tools/db/connection.go:40.48,41.46 1 0
github.com/nmarsollier/cartgo/tools/db/connection.go:41.46,42.41 1 0
github.com/nmarsollier/cartgo/tools/db/connection.go:42.41,44.5 1 0
github.com/nmarsollier/cartgo/tools/db/connection.go:47.2,47.14 1 0
github.com/nmarsollier/cartgo/tools/db/mongo_collection.go:19.71,23.2 1 0
github.com/nmarsollier/cartgo/tools/db/mongo_collection.go:29.97,30.85 1 0
github.com/nmarsollier/cartgo/tools/db/mongo_collection.go:30.85,32.3 1 0
github.com/nmarsollier/cartgo/tools/db/mongo_collection.go:33.2,33.12 1 0
github.com/nmarsollier/cartgo/tools/db/mongo_collection.go:36.110,38.16 2 0
github.com/nmarsollier/cartgo/tools/db/mongo_collection.go:38.16,40.3 1 0
github.com/nmarsollier/cartgo/tools/db/mongo_collection.go:41.2,41.35 1 0
github.com/nmarsollier/cartgo/tools/db/mongo_collection.go:44.128,46.16 2 0
github.com/nmarsollier/cartgo/tools/db/mongo_collection.go:46.16,48.3 1 0
github.com/nmarsollier/cartgo/tools/db/mongo_collection.go:49.2,49.38 1 0
github.com/nmarsollier/cartgo/tools/db/mongo_collection.go:52.134,54.16 2 0
github.com/nmarsollier/cartgo/tools/db/mongo_collection.go:54.16,56.3 1 0
github.com/nmarsollier/cartgo/tools/db/mongo_collection.go:57.2,57.38 1 0
github.com/nmarsollier/cartgo/tools/db/mongo_collection.go:60.97,62.16 2 0
github.com/nmarsollier/cartgo/tools/db/mongo_collection.go:62.16,64.3 1 0
github.com/nmarsollier/cartgo/tools/db/mongo_collection.go:65.2,65.36 1 0
github.com/nmarsollier/cartgo/tools/db/mongo_collection.go:74.50,78.2 1 0
github.com/nmarsollier/cartgo/tools/db/mongo_collection.go:84.56,86.2 1 0
github.com/nmarsollier/cartgo/tools/db/mongo_collection.go:88.54,90.2 1 0
github.com/nmarsollier/cartgo/tools/db/mongo_collection.go:91.53,93.2 1 0
github.com/nmarsollier/cartgo/tools/db/mongo_collection_mocks.go:26.75,30.2 3 1
github.com/nmarsollier/cartgo/tools/db/mongo_collection_mocks.go:33.73,35.2 1 1
github.com/nmarsollier/cartgo/tools/db/mongo_collection_mocks.go:38.89,43.2 4 1
github.com/nmarsollier/cartgo/tools/db/mongo_collection_mocks.go:46.93,49.2 2 1
github.com/nmarsollier/cartgo/tools/db/mongo_collection_mocks.go:52.105,58.2 5 1
github.com/nmarsollier/cartgo/tools/db/mongo_collection_mocks.go:61.94,64.2 2 1
github.com/nmarsollier/cartgo/tools/db/mongo_collection_mocks.go:67.111,73.2 5 1
github.com/nmarsollier/cartgo/tools/db/mongo_collection_mocks.go:76.106,79.2 2 1
github.com/nmarsollier/cartgo/tools/db/mongo_collection_mocks.go:82.105,88.2 5 1
github.com/nmarsollier/cartgo/tools/db/mongo_collection_mocks.go:91.100,94.2 2 1
github.com/nmarsollier/cartgo/tools/db/mongo_collection_mocks.go:108.57,112.2 3 0
github.com/nmarsollier/cartgo/tools/db/mongo_collection_mocks.go:115.55,117.2 1 0
github.com/nmarsollier/cartgo/tools/db/mongo_collection_mocks.go:120.55,125.2 4 0
github.com/nmarsollier/cartgo/tools/db/mongo_collection_mocks.go:128.71,131.2 2 0
github.com/nmarsollier/cartgo/tools/db/mongo_collection_mocks.go:134.52,139.2 4 0
github.com/nmarsollier/cartgo/tools/db/mongo_collection_mocks.go:142.72,145.2 2 0
github.com/nmarsollier/cartgo/tools/db/mongo_collection_mocks.go:148.53,153.2 4 0
github.com/nmarsollier/cartgo/tools/db/mongo_collection_mocks.go:156.70,159.2 2 0
github.com/nmarsollier/cartgo/tools/env/env.go:19.27,27.2 1 1
github.com/nmarsollier/cartgo/tools/env/env.go:30.27,31.19 1 1
github.com/nmarsollier/cartgo/tools/env/env.go:31.19,33.3 1 1
github.com/nmarsollier/cartgo/tools/env/env.go:35.2,35.15 1 1
github.com/nmarsollier/cartgo/tools/env/env.go:39.28,42.54 2 1
github.com/nmarsollier/cartgo/tools/env/env.go:42.54,44.3 1 0
github.com/nmarsollier/cartgo/tools/env/env.go:46.2,46.53 1 1
github.com/nmarsollier/cartgo/tools/env/env.go:46.53,48.3 1 0
github.com/nmarsollier/cartgo/tools/env/env.go:50.2,50.48 1 1
github.com/nmarsollier/cartgo/tools/env/env.go:50.48,51.53 1 0
github.com/nmarsollier/cartgo/tools/env/env.go:51.53,53.4 1 0
github.com/nmarsollier/cartgo/tools/env/env.go:56.2,56.60 1 1
github.com/nmarsollier/cartgo/tools/env/env.go:56.60,58.3 1 0
github.com/nmarsollier/cartgo/tools/env/env.go:60.2,60.63 1 1
github.com/nmarsollier/cartgo/tools/env/env.go:60.63,62.3 1 0
github.com/nmarsollier/cartgo/tools/env/env.go:64.2,64.15 1 1
github.com/nmarsollier/cartgo/tools/tests/data.go:12.28,34.2 1 1
github.com/nmarsollier/cartgo/tools/tests/data.go:36.32,43.2 1 1
github.com/nmarsollier/cartgo/tools/tests/database.go:18.83,20.72 1 1
github.com/nmarsollier/cartgo/tools/tests/database.go:20.72,22.4 1 1
github.com/nmarsollier/cartgo/tools/tests/database.go:26.86,28.2 1 1
github.com/nmarsollier/cartgo/tools/tests/database.go:30.85,32.2 1 1
github.com/nmarsollier/cartgo/tools/tests/database.go:34.73,36.2 1 0
github.com/nmarsollier/cartgo/tools/tests/rabbit.go:8.86,12.2 3 1
github.com/nmarsollier/cartgo/tools/tests/rest.go:15.97,17.26 2 1
github.com/nmarsollier/cartgo/tools/tests/rest.go:17.26,19.3 1 1
github.com/nmarsollier/cartgo/tools/tests/rest.go:20.2,21.15 2 1
github.com/nmarsollier/cartgo/tools/tests/rest.go:24.100,26.26 2 1
github.com/nmarsollier/cartgo/tools/tests/rest.go:26.26,28.3 1 1
github.com/nmarsollier/cartgo/tools/tests/rest.go:29.2,30.15 2 1
github.com/nmarsollier/cartgo/tools/tests/rest.go:33.116,37.26 3 1
github.com/nmarsollier/cartgo/tools/tests/rest.go:37.26,39.3 1 1
github.com/nmarsollier/cartgo/tools/tests/rest.go:40.2,41.15 2 1
github.com/nmarsollier/cartgo/tools/tests/rest.go:45.69,52.2 4 1
github.com/nmarsollier/cartgo/tools/tests/rest.go:54.73,60.2 4 1
github.com/nmarsollier/cartgo/tools/tests/rest.go:62.76,64.2 1 1
github.com/nmarsollier/cartgo/tools/tests/rest.go:66.72,68.2 1 1
